Using pre-set license
Built from '2022.3/staging' branch; Version is '2022.3.16f1 (d2c21f0ef2f1) revision 13812255'; Using compiler version '192829333'; Build Type 'Release'
OS: 'Windows 11  (10.0.22621) 64bit CoreSingleLanguage' Language: 'en' Physical Memory: 24420 MB
BatchMode: 1, IsHumanControllingUs: 0, StartBugReporterOnCrash: 0, Is64bit: 1, IsPro: 1

COMMAND LINE ARGUMENTS:
D:\Tempat Software Terinstall\UnityEditor\2022.3.16f1\Editor\Unity.exe
-adb2
-batchMode
-noUpm
-name
AssetImportWorker0
-projectPath
D:/Ini Data/Kerjaan/BoxGames/BoxGames
-logFile
Logs/AssetImportWorker0.log
-srvPort
57330
Successfully changed project path to: D:/Ini Data/Kerjaan/BoxGames/BoxGames
D:/Ini Data/Kerjaan/BoxGames/BoxGames
[UnityMemory] Configuration Parameters - Can be set up in boot.config
    "memorysetup-bucket-allocator-granularity=16"
    "memorysetup-bucket-allocator-bucket-count=8"
    "memorysetup-bucket-allocator-block-size=33554432"
    "memorysetup-bucket-allocator-block-count=8"
    "memorysetup-main-allocator-block-size=16777216"
    "memorysetup-thread-allocator-block-size=16777216"
    "memorysetup-gfx-main-allocator-block-size=16777216"
    "memorysetup-gfx-thread-allocator-block-size=16777216"
    "memorysetup-cache-allocator-block-size=4194304"
    "memorysetup-typetree-allocator-block-size=2097152"
    "memorysetup-profiler-bucket-allocator-granularity=16"
    "memorysetup-profiler-bucket-allocator-bucket-count=8"
    "memorysetup-profiler-bucket-allocator-block-size=33554432"
    "memorysetup-profiler-bucket-allocator-block-count=8"
    "memorysetup-profiler-allocator-block-size=16777216"
    "memorysetup-profiler-editor-allocator-block-size=1048576"
    "memorysetup-temp-allocator-size-main=16777216"
    "memorysetup-job-temp-allocator-block-size=2097152"
    "memorysetup-job-temp-allocator-block-size-background=1048576"
    "memorysetup-job-temp-allocator-reduction-small-platforms=262144"
    "memorysetup-allocator-temp-initial-block-size-main=262144"
    "memorysetup-allocator-temp-initial-block-size-worker=262144"
    "memorysetup-temp-allocator-size-background-worker=32768"
    "memorysetup-temp-allocator-size-job-worker=262144"
    "memorysetup-temp-allocator-size-preload-manager=33554432"
    "memorysetup-temp-allocator-size-nav-mesh-worker=65536"
    "memorysetup-temp-allocator-size-audio-worker=65536"
    "memorysetup-temp-allocator-size-cloud-worker=32768"
    "memorysetup-temp-allocator-size-gi-baking-worker=262144"
    "memorysetup-temp-allocator-size-gfx=262144"
Player connection [21276] Host "[IP] 192.168.1.4 [Port] 0 [Flags] 2 [Guid] 1725707263 [EditorId] 1725707263 [Version] 1048832 [Id] WindowsEditor(7,MSIAR) [Debug] 1 [PackageName] WindowsEditor [ProjectName] Editor" joined multi-casting on [225.0.0.222:54997]...

Player connection [21276] Host "[IP] 192.168.1.4 [Port] 0 [Flags] 2 [Guid] 1725707263 [EditorId] 1725707263 [Version] 1048832 [Id] WindowsEditor(7,MSIAR) [Debug] 1 [PackageName] WindowsEditor [ProjectName] Editor" joined alternative multi-casting on [225.0.0.222:34997]...

[Physics::Module] Initialized MultithreadedJobDispatcher with 7 workers.
Refreshing native plugins compatible for Editor in 23.08 ms, found 3 plugins.
Preloading 0 native plugins for Editor in 0.00 ms.
Initialize engine version: 2022.3.16f1 (d2c21f0ef2f1)
[Subsystems] Discovering subsystems at path D:/Tempat Software Terinstall/UnityEditor/2022.3.16f1/Editor/Data/Resources/UnitySubsystems
[Subsystems] Discovering subsystems at path D:/Ini Data/Kerjaan/BoxGames/BoxGames/Assets
GfxDevice: creating device client; threaded=0; jobified=0
Direct3D:
    Version:  Direct3D 11.0 [level 11.1]
    Renderer: NVIDIA GeForce GTX 1650 with Max-Q Design (ID=0x1f99)
    Vendor:   NVIDIA
    VRAM:     3962 MB
    Driver:   27.21.14.6221
Initialize mono
Mono path[0] = 'D:/Tempat Software Terinstall/UnityEditor/2022.3.16f1/Editor/Data/Managed'
Mono path[1] = 'D:/Tempat Software Terinstall/UnityEditor/2022.3.16f1/Editor/Data/MonoBleedingEdge/lib/mono/unityjit-win32'
Mono config path = 'D:/Tempat Software Terinstall/UnityEditor/2022.3.16f1/Editor/Data/MonoBleedingEdge/etc'
Using monoOptions --debugger-agent=transport=dt_socket,embedding=1,server=y,suspend=n,address=127.0.0.1:56248
Begin MonoManager ReloadAssembly
Registering precompiled unity dll's ...
Register platform support module: D:/Tempat Software Terinstall/UnityEditor/2022.3.16f1/Editor/Data/PlaybackEngines/WebGLSupport/UnityEditor.WebGL.Extensions.dll
Register platform support module: D:/Tempat Software Terinstall/UnityEditor/2022.3.16f1/Editor/Data/PlaybackEngines/AndroidPlayer/UnityEditor.Android.Extensions.dll
Register platform support module: D:/Tempat Software Terinstall/UnityEditor/2022.3.16f1/Editor/Data/PlaybackEngines/WindowsStandaloneSupport/UnityEditor.WindowsStandalone.Extensions.dll
Registered in 0.006120 seconds.
- Loaded All Assemblies, in  0.463 seconds
Native extension for WindowsStandalone target not found
Native extension for Android target not found
Android Extension - Scanning For ADB Devices 318 ms
Native extension for WebGL target not found
Mono: successfully reloaded assembly
- Finished resetting the current domain, in  0.721 seconds
Domain Reload Profiling: 1183ms
	BeginReloadAssembly (149ms)
		ExecutionOrderSort (0ms)
		DisableScriptedObjects (0ms)
		BackupInstance (0ms)
		ReleaseScriptingObjects (0ms)
		CreateAndSetChildDomain (1ms)
	RebuildCommonClasses (48ms)
	RebuildNativeTypeToScriptingClass (12ms)
	initialDomainReloadingComplete (59ms)
	LoadAllAssembliesAndSetupDomain (194ms)
		LoadAssemblies (150ms)
		RebuildTransferFunctionScriptingTraits (0ms)
		AnalyzeDomain (191ms)
			TypeCache.Refresh (189ms)
				TypeCache.ScanAssembly (172ms)
			ScanForSourceGeneratedMonoScriptInfo (1ms)
			ResolveRequiredComponents (1ms)
	FinalizeReload (721ms)
		ReleaseScriptCaches (0ms)
		RebuildScriptCaches (0ms)
		SetupLoadedEditorAssemblies (646ms)
			LogAssemblyErrors (0ms)
			InitializePlatformSupportModulesInManaged (449ms)
			SetLoadedEditorAssemblies (5ms)
			RefreshPlugins (0ms)
			BeforeProcessingInitializeOnLoad (3ms)
			ProcessInitializeOnLoadAttributes (133ms)
			ProcessInitializeOnLoadMethodAttributes (57ms)
			AfterProcessingInitializeOnLoad (0ms)
			EditorAssembliesLoaded (0ms)
		ExecutionOrderSort2 (0ms)
		AwakeInstancesAfterBackupRestoration (0ms)
========================================================================
Worker process is ready to serve import requests
Begin MonoManager ReloadAssembly
- Loaded All Assemblies, in  0.857 seconds
Refreshing native plugins compatible for Editor in 5.87 ms, found 3 plugins.
Native extension for WindowsStandalone target not found
Native extension for Android target not found
Native extension for WebGL target not found
Package Manager log level set to [2]
[Package Manager] Server::EnsureServerProcessIsRunning -- launch failed, reason: Unity was launched with the -noUpm command-line argument
[Package Manager] UpmClient::Send -- Unable to send message (not connected to UPM process).
[Package Manager] Cannot connect to Unity Package Manager local server
Mono: successfully reloaded assembly
- Finished resetting the current domain, in  0.903 seconds
Domain Reload Profiling: 1761ms
	BeginReloadAssembly (220ms)
		ExecutionOrderSort (0ms)
		DisableScriptedObjects (7ms)
		BackupInstance (0ms)
		ReleaseScriptingObjects (0ms)
		CreateAndSetChildDomain (24ms)
	RebuildCommonClasses (40ms)
	RebuildNativeTypeToScriptingClass (12ms)
	initialDomainReloadingComplete (50ms)
	LoadAllAssembliesAndSetupDomain (535ms)
		LoadAssemblies (435ms)
		RebuildTransferFunctionScriptingTraits (0ms)
		AnalyzeDomain (250ms)
			TypeCache.Refresh (215ms)
				TypeCache.ScanAssembly (189ms)
			ScanForSourceGeneratedMonoScriptInfo (25ms)
			ResolveRequiredComponents (7ms)
	FinalizeReload (904ms)
		ReleaseScriptCaches (0ms)
		RebuildScriptCaches (0ms)
		SetupLoadedEditorAssemblies (636ms)
			LogAssemblyErrors (0ms)
			InitializePlatformSupportModulesInManaged (32ms)
			SetLoadedEditorAssemblies (6ms)
			RefreshPlugins (0ms)
			BeforeProcessingInitializeOnLoad (77ms)
			ProcessInitializeOnLoadAttributes (486ms)
			ProcessInitializeOnLoadMethodAttributes (32ms)
			AfterProcessingInitializeOnLoad (3ms)
			EditorAssembliesLoaded (0ms)
		ExecutionOrderSort2 (0ms)
		AwakeInstancesAfterBackupRestoration (9ms)
Launched and connected shader compiler UnityShaderCompiler.exe after 0.06 seconds
Refreshing native plugins compatible for Editor in 4.56 ms, found 3 plugins.
Preloading 0 native plugins for Editor in 0.00 ms.
Unloading 3084 Unused Serialized files (Serialized files now loaded: 0)
Unloading 32 unused Assets / (57.0 KB). Loaded Objects now: 3548.
Memory consumption went from 127.5 MB to 127.4 MB.
Total: 5.121600 ms (FindLiveObjects: 0.425900 ms CreateObjectMapping: 0.477600 ms MarkObjects: 4.103900 ms  DeleteObjects: 0.112800 ms)

AssetImportParameters requested are different than current active one (requested -> active):
  custom:container-demuxer-ogg: 62fdf1f143b41e24485cea50d1cbac27 -> 
  custom:video-decoder-ogg-theora: a1e56fd34408186e4bbccfd4996cb3dc -> 
  custom:framework-win-MediaFoundation: 216162199b28c13a410421893ffa2e32 -> 
  custom:CustomObjectIndexerAttribute: 43b350a4d6e6d1791af0b5038c4bea17 -> 
  custom:container-demuxer-webm: 4f35f7cbe854078d1ac9338744f61a02 -> 
  custom:container-muxer-webm: aa71ff27fc2769a1b78a27578f13a17b -> 
  custom:video-decoder-webm-vp8: 9c59270c3fd7afecdb556c50c9e8de78 -> 
  custom:SearchIndexIgnoredProperties: e643bd26f0fe6173181afceb89e7c659 -> 
  custom:AudioImporter_EditorPlatform: d09bf68614088b80899f8185d706f6e7 -> 
  custom:video-encoder-webm-vp8: eb34c28f22e8b96e1ab97ce403110664 -> 
  custom:audio-decoder-ogg-vorbis: bf7c407c2cedff20999df2af8eb42d56 -> 
  custom:audio-encoder-webm-vorbis: bf7c407c2cedff20999df2af8eb42d56 -> 
========================================================================
Received Import Request.
  Time since last request: 126875.754532 seconds.
  path: Assets/Script
  artifactKey: Guid(47e5d441f680a684ab557f9e4fe7bd42) Importer(815301076,1909f56bfc062723c751e8b465ee728b)
Start importing Assets/Script using Guid(47e5d441f680a684ab557f9e4fe7bd42) Importer(815301076,1909f56bfc062723c751e8b465ee728b)  -> (artifact id: 'a0199e6b73ddf079a7e7f9b4d03784ad') in 0.002672 seconds
Number of updated asset objects reloaded before import = 0
Number of asset objects unloaded after import = 0
========================================================================
Received Import Request.
  Time since last request: 7.085466 seconds.
  path: Assets/Material/New Material.mat
  artifactKey: Guid(4e21fd0f1c110174688814971e0dfd42) Importer(815301076,1909f56bfc062723c751e8b465ee728b)
Start importing Assets/Material/New Material.mat using Guid(4e21fd0f1c110174688814971e0dfd42) Importer(815301076,1909f56bfc062723c751e8b465ee728b)  -> (artifact id: 'ffc873b53d041fdfb1d457265cbe68ec') in 0.236820 seconds
Number of updated asset objects reloaded before import = 0
Number of asset objects unloaded after import = 1
========================================================================
Received Import Request.
  Time since last request: 15.669132 seconds.
  path: Assets/Material/ground material.mat
  artifactKey: Guid(4e21fd0f1c110174688814971e0dfd42) Importer(815301076,1909f56bfc062723c751e8b465ee728b)
Start importing Assets/Material/ground material.mat using Guid(4e21fd0f1c110174688814971e0dfd42) Importer(815301076,1909f56bfc062723c751e8b465ee728b)  -> (artifact id: '56cdc97dbbaa4c27129785e823c0e557') in 0.015734 seconds
Number of updated asset objects reloaded before import = 0
Number of asset objects unloaded after import = 1
========================================================================
Received Import Request.
  Time since last request: 0.959111 seconds.
  path: Assets/Material/ground material 1.mat
  artifactKey: Guid(11087d9449e171d4e99f482821b5c3ca) Importer(815301076,1909f56bfc062723c751e8b465ee728b)
Start importing Assets/Material/ground material 1.mat using Guid(11087d9449e171d4e99f482821b5c3ca) Importer(815301076,1909f56bfc062723c751e8b465ee728b)  -> (artifact id: '87ce1fdeb4b9dcfcf61656ad36603ee8') in 0.020320 seconds
Number of updated asset objects reloaded before import = 0
Number of asset objects unloaded after import = 1
========================================================================
Received Import Request.
  Time since last request: 15.013661 seconds.
  path: Assets/Material/redObjectMaterial.mat
  artifactKey: Guid(11087d9449e171d4e99f482821b5c3ca) Importer(815301076,1909f56bfc062723c751e8b465ee728b)
Start importing Assets/Material/redObjectMaterial.mat using Guid(11087d9449e171d4e99f482821b5c3ca) Importer(815301076,1909f56bfc062723c751e8b465ee728b)  -> (artifact id: 'fd3ac13c4c55018ff5f9cce14681c0c6') in 0.017468 seconds
Number of updated asset objects reloaded before import = 0
Number of asset objects unloaded after import = 1
========================================================================
Received Import Request.
  Time since last request: 8.995827 seconds.
  path: Assets/Material/redObject material.mat
  artifactKey: Guid(11087d9449e171d4e99f482821b5c3ca) Importer(815301076,1909f56bfc062723c751e8b465ee728b)
Start importing Assets/Material/redObject material.mat using Guid(11087d9449e171d4e99f482821b5c3ca) Importer(815301076,1909f56bfc062723c751e8b465ee728b)  -> (artifact id: '7bfc48328a6153d16b3bb4a3aa959011') in 0.016876 seconds
Number of updated asset objects reloaded before import = 0
Number of asset objects unloaded after import = 1
========================================================================
Received Import Request.
  Time since last request: 0.748163 seconds.
  path: Assets/Material/redObject material 1.mat
  artifactKey: Guid(3953a02ec8964fd45b849cb9792e730b) Importer(815301076,1909f56bfc062723c751e8b465ee728b)
Start importing Assets/Material/redObject material 1.mat using Guid(3953a02ec8964fd45b849cb9792e730b) Importer(815301076,1909f56bfc062723c751e8b465ee728b)  -> (artifact id: '4636df30fbcdfc5e70d925a33d03929f') in 0.015201 seconds
Number of updated asset objects reloaded before import = 0
Number of asset objects unloaded after import = 1
========================================================================
Received Import Request.
  Time since last request: 6.541665 seconds.
  path: Assets/Material/greenObject material.mat
  artifactKey: Guid(3953a02ec8964fd45b849cb9792e730b) Importer(815301076,1909f56bfc062723c751e8b465ee728b)
Start importing Assets/Material/greenObject material.mat using Guid(3953a02ec8964fd45b849cb9792e730b) Importer(815301076,1909f56bfc062723c751e8b465ee728b)  -> (artifact id: '5699451b209e5e8e979e440e63c7885f') in 0.015930 seconds
Number of updated asset objects reloaded before import = 0
Number of asset objects unloaded after import = 1
========================================================================
Received Import Request.
  Time since last request: 6.444993 seconds.
  path: Assets/Material/greenObject material.mat
  artifactKey: Guid(3953a02ec8964fd45b849cb9792e730b) Importer(815301076,1909f56bfc062723c751e8b465ee728b)
Start importing Assets/Material/greenObject material.mat using Guid(3953a02ec8964fd45b849cb9792e730b) Importer(815301076,1909f56bfc062723c751e8b465ee728b)  -> (artifact id: '465f3b93d03cb33c2e22e3eec10c632a') in 0.018535 seconds
Number of updated asset objects reloaded before import = 0
Number of asset objects unloaded after import = 1
========================================================================
Received Import Request.
  Time since last request: 2.794764 seconds.
  path: Assets/Material/greenObject material 1.mat
  artifactKey: Guid(1040d67b3ceb42449821dc8464d41409) Importer(815301076,1909f56bfc062723c751e8b465ee728b)
Start importing Assets/Material/greenObject material 1.mat using Guid(1040d67b3ceb42449821dc8464d41409) Importer(815301076,1909f56bfc062723c751e8b465ee728b)  -> (artifact id: 'f942063068e7b41fb41c49485a12027b') in 0.014636 seconds
Number of updated asset objects reloaded before import = 0
Number of asset objects unloaded after import = 1
========================================================================
Received Import Request.
  Time since last request: 4.281768 seconds.
  path: Assets/Material/mainnObject material 1.mat
  artifactKey: Guid(1040d67b3ceb42449821dc8464d41409) Importer(815301076,1909f56bfc062723c751e8b465ee728b)
Start importing Assets/Material/mainnObject material 1.mat using Guid(1040d67b3ceb42449821dc8464d41409) Importer(815301076,1909f56bfc062723c751e8b465ee728b)  -> (artifact id: '19cacd7c67c32bf9208291580a104d13') in 0.016265 seconds
Number of updated asset objects reloaded before import = 0
Number of asset objects unloaded after import = 1
========================================================================
Received Import Request.
  Time since last request: 7.395702 seconds.
  path: Assets/Material/mainObject material 1.mat
  artifactKey: Guid(1040d67b3ceb42449821dc8464d41409) Importer(815301076,1909f56bfc062723c751e8b465ee728b)
Start importing Assets/Material/mainObject material 1.mat using Guid(1040d67b3ceb42449821dc8464d41409) Importer(815301076,1909f56bfc062723c751e8b465ee728b)  -> (artifact id: '9410b021e46a9937c3605de0b8010a2f') in 0.013658 seconds
Number of updated asset objects reloaded before import = 0
Number of asset objects unloaded after import = 1
========================================================================
Received Import Request.
  Time since last request: 83.379588 seconds.
  path: Assets/Material/mainObject material 1.mat
  artifactKey: Guid(1040d67b3ceb42449821dc8464d41409) Importer(815301076,1909f56bfc062723c751e8b465ee728b)
Start importing Assets/Material/mainObject material 1.mat using Guid(1040d67b3ceb42449821dc8464d41409) Importer(815301076,1909f56bfc062723c751e8b465ee728b)  -> (artifact id: '71e2993210fe71c74a0e74f760e0fb46') in 0.016909 seconds
Number of updated asset objects reloaded before import = 0
Number of asset objects unloaded after import = 1
========================================================================
Received Import Request.
  Time since last request: 20.502424 seconds.
  path: Assets/Material/ground material 1.mat
  artifactKey: Guid(fede6b3df1e49a247a6bcb71d426e87d) Importer(815301076,1909f56bfc062723c751e8b465ee728b)
Start importing Assets/Material/ground material 1.mat using Guid(fede6b3df1e49a247a6bcb71d426e87d) Importer(815301076,1909f56bfc062723c751e8b465ee728b)  -> (artifact id: '64db709b154e34be9f8eade59a9044cd') in 0.017279 seconds
Number of updated asset objects reloaded before import = 0
Number of asset objects unloaded after import = 1
========================================================================
Received Import Request.
  Time since last request: 3.912645 seconds.
  path: Assets/Material/wall material 1.mat
  artifactKey: Guid(fede6b3df1e49a247a6bcb71d426e87d) Importer(815301076,1909f56bfc062723c751e8b465ee728b)
Start importing Assets/Material/wall material 1.mat using Guid(fede6b3df1e49a247a6bcb71d426e87d) Importer(815301076,1909f56bfc062723c751e8b465ee728b)  -> (artifact id: '067370ddf52599c38577aff43be70384') in 0.015806 seconds
Number of updated asset objects reloaded before import = 0
Number of asset objects unloaded after import = 1
========================================================================
Received Import Request.
  Time since last request: 787.158308 seconds.
  path: Assets/Material/wall material 1.mat
  artifactKey: Guid(fede6b3df1e49a247a6bcb71d426e87d) Importer(815301076,1909f56bfc062723c751e8b465ee728b)
Start importing Assets/Material/wall material 1.mat using Guid(fede6b3df1e49a247a6bcb71d426e87d) Importer(815301076,1909f56bfc062723c751e8b465ee728b)  -> (artifact id: '9dc110e03be1d88f670963f90abe5005') in 0.020325 seconds
Number of updated asset objects reloaded before import = 0
Number of asset objects unloaded after import = 1
